
*** Running vivado
    with args -log hw3_tb.vds -m64 -product Vivado -mode batch -messageDb vivado.pb -notrace -source hw3_tb.tcl



****** Vivado v2024.2 (64-bit)
  **** SW Build 5239630 on Fri Nov 08 22:35:27 MST 2024
  **** IP Build 5239520 on Sun Nov 10 16:12:51 MST 2024
  **** SharedData Build 5239561 on Fri Nov 08 14:39:27 MST 2024
  **** Start of session at: Thu Jan 15 10:51:26 2026
    ** Copyright 1986-2022 Xilinx, Inc. All Rights Reserved.
    ** Copyright 2022-2024 Advanced Micro Devices, Inc. All Rights Reserved.

source hw3_tb.tcl -notrace
Command: synth_design -top hw3_tb -part xc7a200tsbg484-1
Starting synth_design
Attempting to get a license for feature 'Synthesis' and/or device 'xc7a200t'
INFO: [Common 17-349] Got license for feature 'Synthesis' and/or device 'xc7a200t'
INFO: [Synth 8-7079] Multithreading enabled for synth_design using a maximum of 2 processes.
INFO: [Synth 8-7078] Launching helper process for spawning children vivado processes
INFO: [Synth 8-7075] Helper process launched with PID 36608
---------------------------------------------------------------------------------
Starting Synthesize : Time (s): cpu = 00:00:05 ; elapsed = 00:00:09 . Memory (MB): peak = 768.984 ; gain = 476.188
---------------------------------------------------------------------------------
INFO: [Synth 8-638] synthesizing module 'hw3_tb' [C:/Users/C27Jayden.Randolph/ece383_wksp/hw3/hw3/hw3.srcs/sources_1/new/hw3_tb.vhd:38]
INFO: [Synth 8-3491] module 'hw3' declared at 'C:/Users/C27Jayden.Randolph/ece383_wksp/hw3/hw3/hw3.srcs/sources_1/new/hw3.vhd:34' bound to instance 'uut' of component 'hw3' [C:/Users/C27Jayden.Randolph/ece383_wksp/hw3/hw3/hw3.srcs/sources_1/new/hw3_tb.vhd:53]
INFO: [Synth 8-638] synthesizing module 'hw3' [C:/Users/C27Jayden.Randolph/ece383_wksp/hw3/hw3/hw3.srcs/sources_1/new/hw3.vhd:39]
INFO: [Synth 8-256] done synthesizing module 'hw3' (0#1) [C:/Users/C27Jayden.Randolph/ece383_wksp/hw3/hw3/hw3.srcs/sources_1/new/hw3.vhd:39]
WARNING: [Synth 8-312] ignoring unsynthesizable construct: wait statement with no conditon [C:/Users/C27Jayden.Randolph/ece383_wksp/hw3/hw3/hw3.srcs/sources_1/new/hw3_tb.vhd:64]
WARNING: [Synth 8-312] ignoring unsynthesizable construct: wait statement with no conditon [C:/Users/C27Jayden.Randolph/ece383_wksp/hw3/hw3/hw3.srcs/sources_1/new/hw3_tb.vhd:65]
WARNING: [Synth 8-312] ignoring unsynthesizable construct: wait statement with no conditon [C:/Users/C27Jayden.Randolph/ece383_wksp/hw3/hw3/hw3.srcs/sources_1/new/hw3_tb.vhd:66]
WARNING: [Synth 8-312] ignoring unsynthesizable construct: wait statement with no conditon [C:/Users/C27Jayden.Randolph/ece383_wksp/hw3/hw3/hw3.srcs/sources_1/new/hw3_tb.vhd:67]
WARNING: [Synth 8-312] ignoring unsynthesizable construct: wait statement with no conditon [C:/Users/C27Jayden.Randolph/ece383_wksp/hw3/hw3/hw3.srcs/sources_1/new/hw3_tb.vhd:68]
WARNING: [Synth 8-312] ignoring unsynthesizable construct: wait statement with no conditon [C:/Users/C27Jayden.Randolph/ece383_wksp/hw3/hw3/hw3.srcs/sources_1/new/hw3_tb.vhd:69]
WARNING: [Synth 8-312] ignoring unsynthesizable construct: wait statement with no conditon [C:/Users/C27Jayden.Randolph/ece383_wksp/hw3/hw3/hw3.srcs/sources_1/new/hw3_tb.vhd:70]
WARNING: [Synth 8-312] ignoring unsynthesizable construct: wait statement with no conditon [C:/Users/C27Jayden.Randolph/ece383_wksp/hw3/hw3/hw3.srcs/sources_1/new/hw3_tb.vhd:71]
WARNING: [Synth 8-312] ignoring unsynthesizable construct: wait statement with no conditon [C:/Users/C27Jayden.Randolph/ece383_wksp/hw3/hw3/hw3.srcs/sources_1/new/hw3_tb.vhd:74]
WARNING: [Synth 8-312] ignoring unsynthesizable construct: wait statement with no conditon [C:/Users/C27Jayden.Randolph/ece383_wksp/hw3/hw3/hw3.srcs/sources_1/new/hw3_tb.vhd:75]
WARNING: [Synth 8-312] ignoring unsynthesizable construct: wait statement with no conditon [C:/Users/C27Jayden.Randolph/ece383_wksp/hw3/hw3/hw3.srcs/sources_1/new/hw3_tb.vhd:76]
WARNING: [Synth 8-312] ignoring unsynthesizable construct: wait statement with no conditon [C:/Users/C27Jayden.Randolph/ece383_wksp/hw3/hw3/hw3.srcs/sources_1/new/hw3_tb.vhd:77]
INFO: [Synth 8-256] done synthesizing module 'hw3_tb' (0#1) [C:/Users/C27Jayden.Randolph/ece383_wksp/hw3/hw3/hw3.srcs/sources_1/new/hw3_tb.vhd:38]
---------------------------------------------------------------------------------
Finished Synthesize : Time (s): cpu = 00:00:06 ; elapsed = 00:00:11 . Memory (MB): peak = 874.738 ; gain = 581.941
---------------------------------------------------------------------------------
---------------------------------------------------------------------------------
Finished Constraint Validation : Time (s): cpu = 00:00:07 ; elapsed = 00:00:12 . Memory (MB): peak = 874.738 ; gain = 581.941
---------------------------------------------------------------------------------
---------------------------------------------------------------------------------
Start Loading Part and Timing Information
---------------------------------------------------------------------------------
Loading part: xc7a200tsbg484-1
---------------------------------------------------------------------------------
INFO: [Device 21-403] Loading part xc7a200tsbg484-1
Finished Loading Part and Timing Information : Time (s): cpu = 00:00:07 ; elapsed = 00:00:12 . Memory (MB): peak = 874.738 ; gain = 581.941
---------------------------------------------------------------------------------
---------------------------------------------------------------------------------
Finished RTL Optimization Phase 2 : Time (s): cpu = 00:00:07 ; elapsed = 00:00:12 . Memory (MB): peak = 874.738 ; gain = 581.941
---------------------------------------------------------------------------------
No constraint files found.
---------------------------------------------------------------------------------
Start RTL Component Statistics 
---------------------------------------------------------------------------------
Detailed RTL Component Info : 
---------------------------------------------------------------------------------
Finished RTL Component Statistics 
---------------------------------------------------------------------------------
---------------------------------------------------------------------------------
Start Part Resource Summary
---------------------------------------------------------------------------------
Part Resources:
DSPs: 740 (col length:100)
BRAMs: 730 (col length: RAMB18 100 RAMB36 50)
---------------------------------------------------------------------------------
Finished Part Resource Summary
---------------------------------------------------------------------------------
No constraint files found.
---------------------------------------------------------------------------------
Start Cross Boundary and Area Optimization
---------------------------------------------------------------------------------
WARNING: [Synth 8-7080] Parallel synthesis criteria is not met
---------------------------------------------------------------------------------
Finished Cross Boundary and Area Optimization : Time (s): cpu = 00:00:10 ; elapsed = 00:00:52 . Memory (MB): peak = 1054.895 ; gain = 762.098
---------------------------------------------------------------------------------
No constraint files found.
---------------------------------------------------------------------------------
Start Timing Optimization
---------------------------------------------------------------------------------
---------------------------------------------------------------------------------
Finished Timing Optimization : Time (s): cpu = 00:00:10 ; elapsed = 00:00:52 . Memory (MB): peak = 1079.742 ; gain = 786.945
---------------------------------------------------------------------------------
---------------------------------------------------------------------------------
Start Technology Mapping
---------------------------------------------------------------------------------
---------------------------------------------------------------------------------
Finished Technology Mapping : Time (s): cpu = 00:00:10 ; elapsed = 00:00:52 . Memory (MB): peak = 1079.742 ; gain = 786.945
---------------------------------------------------------------------------------
---------------------------------------------------------------------------------
Start IO Insertion
---------------------------------------------------------------------------------
---------------------------------------------------------------------------------
Start Flattening Before IO Insertion
---------------------------------------------------------------------------------
---------------------------------------------------------------------------------
Finished Flattening Before IO Insertion
---------------------------------------------------------------------------------
---------------------------------------------------------------------------------
Start Final Netlist Cleanup
---------------------------------------------------------------------------------
---------------------------------------------------------------------------------
Finished Final Netlist Cleanup
---------------------------------------------------------------------------------
---------------------------------------------------------------------------------
Finished IO Insertion : Time (s): cpu = 00:00:14 ; elapsed = 00:00:58 . Memory (MB): peak = 1284.285 ; gain = 991.488
---------------------------------------------------------------------------------
---------------------------------------------------------------------------------
Start Renaming Generated Instances
---------------------------------------------------------------------------------
---------------------------------------------------------------------------------
Finished Renaming Generated Instances : Time (s): cpu = 00:00:14 ; elapsed = 00:00:58 . Memory (MB): peak = 1284.285 ; gain = 991.488
---------------------------------------------------------------------------------
---------------------------------------------------------------------------------
Start Rebuilding User Hierarchy
---------------------------------------------------------------------------------
---------------------------------------------------------------------------------
Finished Rebuilding User Hierarchy : Time (s): cpu = 00:00:14 ; elapsed = 00:00:58 . Memory (MB): peak = 1284.285 ; gain = 991.488
---------------------------------------------------------------------------------
---------------------------------------------------------------------------------
Start Renaming Generated Ports
---------------------------------------------------------------------------------
---------------------------------------------------------------------------------
Finished Renaming Generated Ports : Time (s): cpu = 00:00:14 ; elapsed = 00:00:58 . Memory (MB): peak = 1284.285 ; gain = 991.488
---------------------------------------------------------------------------------
---------------------------------------------------------------------------------
Start Handling Custom Attributes
---------------------------------------------------------------------------------
---------------------------------------------------------------------------------
Finished Handling Custom Attributes : Time (s): cpu = 00:00:14 ; elapsed = 00:00:58 . Memory (MB): peak = 1284.285 ; gain = 991.488
---------------------------------------------------------------------------------
---------------------------------------------------------------------------------
Start Renaming Generated Nets
---------------------------------------------------------------------------------
---------------------------------------------------------------------------------
Finished Renaming Generated Nets : Time (s): cpu = 00:00:14 ; elapsed = 00:00:58 . Memory (MB): peak = 1284.285 ; gain = 991.488
---------------------------------------------------------------------------------
---------------------------------------------------------------------------------
Start Writing Synthesis Report
---------------------------------------------------------------------------------

Report BlackBoxes: 
+-+--------------+----------+
| |BlackBox name |Instances |
+-+--------------+----------+
+-+--------------+----------+

Report Cell Usage: 
+-+-----+------+
| |Cell |Count |
+-+-----+------+
+-+-----+------+

Report Instance Areas: 
+------+---------+-------+------+
|      |Instance |Module |Cells |
+------+---------+-------+------+
|1     |top      |       |     0|
+------+---------+-------+------+
---------------------------------------------------------------------------------
Finished Writing Synthesis Report : Time (s): cpu = 00:00:14 ; elapsed = 00:00:58 . Memory (MB): peak = 1284.285 ; gain = 991.488
---------------------------------------------------------------------------------
Synthesis finished with 0 errors, 0 critical warnings and 13 warnings.
Synthesis Optimization Runtime : Time (s): cpu = 00:00:14 ; elapsed = 00:00:58 . Memory (MB): peak = 1284.285 ; gain = 991.488
Synthesis Optimization Complete : Time (s): cpu = 00:00:14 ; elapsed = 00:00:58 . Memory (MB): peak = 1284.285 ; gain = 991.488
INFO: [Project 1-571] Translating synthesized netlist
Netlist sorting complete. Time (s): cpu = 00:00:00 ; elapsed = 00:00:00.001 . Memory (MB): peak = 1285.301 ; gain = 0.000
INFO: [Project 1-570] Preparing netlist for logic optimization
INFO: [Opt 31-138] Pushed 0 inverter(s) to 0 load pin(s).
Netlist sorting complete. Time (s): cpu = 00:00:00 ; elapsed = 00:00:00 . Memory (MB): peak = 1421.168 ; gain = 0.000
INFO: [Project 1-111] Unisim Transformation Summary:
No Unisim elements were transformed.

Synth Design complete | Checksum: 18e624d4
INFO: [Common 17-83] Releasing license: Synthesis
15 Infos, 13 Warnings, 0 Critical Warnings and 0 Errors encountered.
synth_design completed successfully
synth_design: Time (s): cpu = 00:00:15 ; elapsed = 00:01:04 . Memory (MB): peak = 1421.168 ; gain = 1135.230
INFO: [Common 17-1381] The checkpoint 'C:/Users/C27Jayden.Randolph/ece383_wksp/hw3/hw3/hw3.runs/synth_1/hw3_tb.dcp' has been generated.
INFO: [Vivado 12-24828] Executing command : report_utilization -file hw3_tb_utilization_synth.rpt -pb hw3_tb_utilization_synth.pb
INFO: [Common 17-206] Exiting Vivado at Thu Jan 15 10:52:37 2026...
