
*** Running vivado
    with args -log scancode_decoder.vds -m64 -product Vivado -mode batch -messageDb vivado.pb -notrace -source scancode_decoder.tcl



****** Vivado v2024.2 (64-bit)
  **** SW Build 5239630 on Fri Nov 08 22:35:27 MST 2024
  **** IP Build 5239520 on Sun Nov 10 16:12:51 MST 2024
  **** SharedData Build 5239561 on Fri Nov 08 14:39:27 MST 2024
  **** Start of session at: Thu Jan  8 22:53:25 2026
    ** Copyright 1986-2022 Xilinx, Inc. All Rights Reserved.
    ** Copyright 2022-2024 Advanced Micro Devices, Inc. All Rights Reserved.

source scancode_decoder.tcl -notrace
Command: read_checkpoint -auto_incremental -incremental C:/Users/C27Jayden.Randolph/ece383_wksp/hw1/HW1/HW1.srcs/utils_1/imports/synth_1/scancode_decoder.dcp
INFO: [Vivado 12-5825] Read reference checkpoint from C:/Users/C27Jayden.Randolph/ece383_wksp/hw1/HW1/HW1.srcs/utils_1/imports/synth_1/scancode_decoder.dcp for incremental synthesis
INFO: [Vivado 12-7989] Please ensure there are no constraint changes
Command: synth_design -top scancode_decoder -part xc7a200tsbg484-1
Starting synth_design
Attempting to get a license for feature 'Synthesis' and/or device 'xc7a200t'
INFO: [Common 17-349] Got license for feature 'Synthesis' and/or device 'xc7a200t'
INFO: [Designutils 20-5440] No compile time benefit to using incremental synthesis; A full resynthesis will be run
INFO: [Designutils 20-4379] Flow is switching to default flow due to incremental criteria not met. If you would like to alter this behaviour and have the flow terminate instead, please set the following parameter config_implementation {autoIncr.Synth.RejectBehavior Terminate}
INFO: [Synth 8-7079] Multithreading enabled for synth_design using a maximum of 2 processes.
INFO: [Synth 8-7078] Launching helper process for spawning children vivado processes
INFO: [Synth 8-7075] Helper process launched with PID 32312
